<?xml version="1.0" encoding="UTF-8"?>
<testsuite xmlns:xsi="http://www.w3.org/2001/XMLSchema-instance" xsi:noNamespaceSchemaLocation="https://maven.apache.org/surefire/maven-surefire-plugin/xsd/surefire-test-report.xsd" version="3.0.2" name="com.tequipy.equipment.adapter.out.persistence.AllocationPersistenceAdapterIntegrationTest" time="0.222" tests="9" errors="0" skipped="0" failures="0" flakes="0">
  <properties>
[...]
</properties>
  <testcase name="shouldPreserveConditionScorePrecisionThroughPersistence" classname="com.tequipy.equipment.adapter.out.persistence.AllocationPersistenceAdapterIntegrationTest" time="0.012">
    <system-out><![CDATA[2026-04-13T18:50:53.429+02:00  INFO 6721 --- [           main] t.c.s.AnnotationConfigContextLoaderUtils : Could not detect default configuration classes for test class [com.tequipy.equipment.adapter.out.persistence.AllocationPersistenceAdapterIntegrationTest]: AllocationPersistenceAdapterIntegrationTest does not declare any static, non-private, non-final, nested classes annotated with @Configuration.
2026-04-13T18:50:53.433+02:00  INFO 6721 --- [           main] .b.t.c.SpringBootTestContextBootstrapper : Found @SpringBootConfiguration com.tequipy.equipment.InfrastructureTestApplication for test class com.tequipy.equipment.adapter.out.persistence.AllocationPersistenceAdapterIntegrationTest

  .   ____          _            __ _ _
 /\\ / ___'_ __ _ _(_)_ __  __ _ \ \ \ \
( ( )\___ | '_ | '_| | '_ \/ _` | \ \ \ \
 \\/  ___)| |_)| | | | | || (_| |  ) ) ) )
  '  |____| .__|_| |_|_| |_\__, | / / / /
 =========|_|==============|___/=/_/_/_/

 :: Spring Boot ::               (v3.5.13)

2026-04-13T18:50:53.447+02:00  INFO 6721 --- [           main] ocationPersistenceAdapterIntegrationTest : Starting AllocationPersistenceAdapterIntegrationTest using Java 21.0.10 with PID 6721 (started by macbook in /Users/macbook/Desktop/equipment-management-api/infrastructure)
2026-04-13T18:50:53.447+02:00  INFO 6721 --- [           main] ocationPersistenceAdapterIntegrationTest : The following 1 profile is active: "test"
2026-04-13T18:50:53.490+02:00  INFO 6721 --- [           main] .s.d.r.c.RepositoryConfigurationDelegate : Multiple Spring Data modules found, entering strict repository configuration mode
2026-04-13T18:50:53.490+02:00  INFO 6721 --- [           main] .s.d.r.c.RepositoryConfigurationDelegate : Bootstrapping Spring Data JPA repositories in DEFAULT mode.
2026-04-13T18:50:53.498+02:00  INFO 6721 --- [           main] .s.d.r.c.RepositoryConfigurationDelegate : Finished Spring Data repository scanning in 6 ms. Found 2 JPA repository interfaces.
2026-04-13T18:50:53.504+02:00  INFO 6721 --- [           main] beddedDataSourceBeanFactoryPostProcessor : Replacing 'dataSource' DataSource bean with embedded version
2026-04-13T18:50:53.511+02:00  INFO 6721 --- [           main] o.s.j.d.e.EmbeddedDatabaseFactory        : Starting embedded database: url='jdbc:h2:mem:66e4af0c-eeb6-4507-8b1e-505ca83bacec;DB_CLOSE_DELAY=-1;DB_CLOSE_ON_EXIT=false', username='sa'
2026-04-13T18:50:53.521+02:00  INFO 6721 --- [           main] o.h.j.i.u.LogHelper                      : HHH000204: Processing PersistenceUnitInfo [name: default]
2026-04-13T18:50:53.522+02:00  INFO 6721 --- [           main] o.h.c.i.RegionFactoryInitiator           : HHH000026: Second-level cache disabled
2026-04-13T18:50:53.526+02:00  INFO 6721 --- [           main] o.s.o.j.p.SpringPersistenceUnitInfo      : No LoadTimeWeaver setup: ignoring JPA class transformer
2026-04-13T18:50:53.527+02:00  INFO 6721 --- [           main] o.h.o.c.pooling                          : HHH10001005: Database info:
	Database JDBC URL [Connecting through datasource 'org.springframework.jdbc.datasource.embedded.EmbeddedDatabaseFactory$EmbeddedDataSourceProxy@3b87c881']
	Database driver: undefined/unknown
	Database version: 2.3.232
	Autocommit mode: undefined/unknown
	Isolation level: undefined/unknown
	Minimum pool size: undefined/unknown
	Maximum pool size: undefined/unknown
2026-04-13T18:50:53.548+02:00  INFO 6721 --- [           main] o.h.e.t.j.p.i.JtaPlatformInitiator       : HHH000489: No JTA platform available (set 'hibernate.transaction.jta.platform' to enable JTA platform integration)
Hibernate: drop table if exists allocation_equipment cascade 
Hibernate: drop table if exists allocation_request cascade 
Hibernate: drop table if exists equipment cascade 
Hibernate: drop table if exists policy_item cascade 
Hibernate: create table allocation_equipment (allocation_request_id uuid not null, equipment_id uuid)
Hibernate: create table allocation_request (id uuid not null, state varchar(50) not null, employee_id varchar(255) not null, primary key (id))
Hibernate: create table equipment (condition_score numeric(3,2) not null, purchase_date date not null, id uuid not null, state varchar(50) not null, type varchar(50) not null, retire_reason varchar(500), brand varchar(255) not null, model varchar(255) not null, primary key (id))
Hibernate: create table policy_item (minimum_condition_score numeric(3,2), prefer_recent boolean not null, quantity integer not null, allocation_request_id uuid not null, equipment_type varchar(50) not null, preferred_brand varchar(255))
Hibernate: alter table if exists allocation_equipment add constraint FK2ue1df8g6fh8g0fagtadjkm04 foreign key (allocation_request_id) references allocation_request
Hibernate: alter table if exists policy_item add constraint FK3q6tdsicofi5n0dd9saaevtve foreign key (allocation_request_id) references allocation_request
2026-04-13T18:50:53.552+02:00  INFO 6721 --- [           main] j.LocalContainerEntityManagerFactoryBean : Initialized JPA EntityManagerFactory for persistence unit 'default'
2026-04-13T18:50:53.580+02:00  INFO 6721 --- [           main] ocationPersistenceAdapterIntegrationTest : Started AllocationPersistenceAdapterIntegrationTest in 0.146 seconds (process running for 7.702)
Hibernate: select arje1_0.id,arje1_0.employee_id,arje1_0.state from allocation_request arje1_0
Hibernate: select eje1_0.id,eje1_0.brand,eje1_0.condition_score,eje1_0.model,eje1_0.purchase_date,eje1_0.retire_reason,eje1_0.state,eje1_0.type from equipment eje1_0
Hibernate: select arje1_0.id,arje1_0.employee_id,arje1_0.state,aei1_0.allocation_request_id,aei1_0.equipment_id from allocation_request arje1_0 left join allocation_equipment aei1_0 on arje1_0.id=aei1_0.allocation_request_id where arje1_0.id=?
]]></system-out>
  </testcase>
  <testcase name="shouldPreserveStateTransitionFromAllocatedToConfirmed" classname="com.tequipy.equipment.adapter.out.persistence.AllocationPersistenceAdapterIntegrationTest" time="0.007">
    <system-out><![CDATA[Hibernate: select arje1_0.id,arje1_0.employee_id,arje1_0.state from allocation_request arje1_0
Hibernate: select eje1_0.id,eje1_0.brand,eje1_0.condition_score,eje1_0.model,eje1_0.purchase_date,eje1_0.retire_reason,eje1_0.state,eje1_0.type from equipment eje1_0
Hibernate: select eje1_0.id,eje1_0.brand,eje1_0.condition_score,eje1_0.model,eje1_0.purchase_date,eje1_0.retire_reason,eje1_0.state,eje1_0.type from equipment eje1_0 where eje1_0.id=?
Hibernate: select arje1_0.id,arje1_0.employee_id,arje1_0.state,aei1_0.allocation_request_id,aei1_0.equipment_id from allocation_request arje1_0 left join allocation_equipment aei1_0 on arje1_0.id=aei1_0.allocation_request_id where arje1_0.id=?
]]></system-out>
  </testcase>
  <testcase name="shouldPreserveStateTransitionFromPendingToFailed" classname="com.tequipy.equipment.adapter.out.persistence.AllocationPersistenceAdapterIntegrationTest" time="0.006">
    <system-out><![CDATA[Hibernate: select arje1_0.id,arje1_0.employee_id,arje1_0.state from allocation_request arje1_0
Hibernate: select eje1_0.id,eje1_0.brand,eje1_0.condition_score,eje1_0.model,eje1_0.purchase_date,eje1_0.retire_reason,eje1_0.state,eje1_0.type from equipment eje1_0
Hibernate: select arje1_0.id,arje1_0.employee_id,arje1_0.state,aei1_0.allocation_request_id,aei1_0.equipment_id from allocation_request arje1_0 left join allocation_equipment aei1_0 on arje1_0.id=aei1_0.allocation_request_id where arje1_0.id=?
]]></system-out>
  </testcase>
  <testcase name="shouldReturnEmptyOptionalWhenAllocationNotFound" classname="com.tequipy.equipment.adapter.out.persistence.AllocationPersistenceAdapterIntegrationTest" time="0.005">
    <system-out><![CDATA[Hibernate: select arje1_0.id,arje1_0.employee_id,arje1_0.state from allocation_request arje1_0
Hibernate: select eje1_0.id,eje1_0.brand,eje1_0.condition_score,eje1_0.model,eje1_0.purchase_date,eje1_0.retire_reason,eje1_0.state,eje1_0.type from equipment eje1_0
Hibernate: select arje1_0.id,arje1_0.employee_id,arje1_0.state,aei1_0.allocation_request_id,aei1_0.equipment_id from allocation_request arje1_0 left join allocation_equipment aei1_0 on arje1_0.id=aei1_0.allocation_request_id where arje1_0.id=?
]]></system-out>
  </testcase>
  <testcase name="shouldPersistAllocationWithMultipleAllocatedEquipmentIds" classname="com.tequipy.equipment.adapter.out.persistence.AllocationPersistenceAdapterIntegrationTest" time="0.007">
    <system-out><![CDATA[Hibernate: select arje1_0.id,arje1_0.employee_id,arje1_0.state from allocation_request arje1_0
Hibernate: select eje1_0.id,eje1_0.brand,eje1_0.condition_score,eje1_0.model,eje1_0.purchase_date,eje1_0.retire_reason,eje1_0.state,eje1_0.type from equipment eje1_0
Hibernate: select eje1_0.id,eje1_0.brand,eje1_0.condition_score,eje1_0.model,eje1_0.purchase_date,eje1_0.retire_reason,eje1_0.state,eje1_0.type from equipment eje1_0 where eje1_0.id=?
Hibernate: select eje1_0.id,eje1_0.brand,eje1_0.condition_score,eje1_0.model,eje1_0.purchase_date,eje1_0.retire_reason,eje1_0.state,eje1_0.type from equipment eje1_0 where eje1_0.id=?
Hibernate: select arje1_0.id,arje1_0.employee_id,arje1_0.state,aei1_0.allocation_request_id,aei1_0.equipment_id from allocation_request arje1_0 left join allocation_equipment aei1_0 on arje1_0.id=aei1_0.allocation_request_id where arje1_0.id=?
]]></system-out>
  </testcase>
  <testcase name="shouldSaveAndRetrieveAllocationRequestWithPolicyItems" classname="com.tequipy.equipment.adapter.out.persistence.AllocationPersistenceAdapterIntegrationTest" time="0.005">
    <system-out><![CDATA[Hibernate: select arje1_0.id,arje1_0.employee_id,arje1_0.state from allocation_request arje1_0
Hibernate: select eje1_0.id,eje1_0.brand,eje1_0.condition_score,eje1_0.model,eje1_0.purchase_date,eje1_0.retire_reason,eje1_0.state,eje1_0.type from equipment eje1_0
Hibernate: select arje1_0.id,arje1_0.employee_id,arje1_0.state,aei1_0.allocation_request_id,aei1_0.equipment_id from allocation_request arje1_0 left join allocation_equipment aei1_0 on arje1_0.id=aei1_0.allocation_request_id where arje1_0.id=?
]]></system-out>
  </testcase>
  <testcase name="shouldPreserveStateTransitionFromPendingToAllocated" classname="com.tequipy.equipment.adapter.out.persistence.AllocationPersistenceAdapterIntegrationTest" time="0.007">
    <system-out><![CDATA[Hibernate: select arje1_0.id,arje1_0.employee_id,arje1_0.state from allocation_request arje1_0
Hibernate: select eje1_0.id,eje1_0.brand,eje1_0.condition_score,eje1_0.model,eje1_0.purchase_date,eje1_0.retire_reason,eje1_0.state,eje1_0.type from equipment eje1_0
Hibernate: select eje1_0.id,eje1_0.brand,eje1_0.condition_score,eje1_0.model,eje1_0.purchase_date,eje1_0.retire_reason,eje1_0.state,eje1_0.type from equipment eje1_0 where eje1_0.id=?
Hibernate: select arje1_0.id,arje1_0.employee_id,arje1_0.state,aei1_0.allocation_request_id,aei1_0.equipment_id from allocation_request arje1_0 left join allocation_equipment aei1_0 on arje1_0.id=aei1_0.allocation_request_id where arje1_0.id=?
]]></system-out>
  </testcase>
  <testcase name="shouldPersistMultiplePolicyItemsWithDifferentTypes" classname="com.tequipy.equipment.adapter.out.persistence.AllocationPersistenceAdapterIntegrationTest" time="0.005">
    <system-out><![CDATA[Hibernate: select arje1_0.id,arje1_0.employee_id,arje1_0.state from allocation_request arje1_0
Hibernate: select eje1_0.id,eje1_0.brand,eje1_0.condition_score,eje1_0.model,eje1_0.purchase_date,eje1_0.retire_reason,eje1_0.state,eje1_0.type from equipment eje1_0
Hibernate: select arje1_0.id,arje1_0.employee_id,arje1_0.state,aei1_0.allocation_request_id,aei1_0.equipment_id from allocation_request arje1_0 left join allocation_equipment aei1_0 on arje1_0.id=aei1_0.allocation_request_id where arje1_0.id=?
]]></system-out>
  </testcase>
  <testcase name="shouldPreserveStateTransitionFromPendingToCancelled" classname="com.tequipy.equipment.adapter.out.persistence.AllocationPersistenceAdapterIntegrationTest" time="0.006">
    <system-out><![CDATA[Hibernate: select arje1_0.id,arje1_0.employee_id,arje1_0.state from allocation_request arje1_0
Hibernate: select eje1_0.id,eje1_0.brand,eje1_0.condition_score,eje1_0.model,eje1_0.purchase_date,eje1_0.retire_reason,eje1_0.state,eje1_0.type from equipment eje1_0
Hibernate: select arje1_0.id,arje1_0.employee_id,arje1_0.state,aei1_0.allocation_request_id,aei1_0.equipment_id from allocation_request arje1_0 left join allocation_equipment aei1_0 on arje1_0.id=aei1_0.allocation_request_id where arje1_0.id=?
]]></system-out>
  </testcase>
</testsuite>