<?xml version="1.0" encoding="UTF-8"?>
<testsuite xmlns:xsi="http://www.w3.org/2001/XMLSchema-instance" xsi:noNamespaceSchemaLocation="https://maven.apache.org/surefire/maven-surefire-plugin/xsd/surefire-test-report.xsd" version="3.0.2" name="com.tequipy.equipment.adapter.in.rest.AllocationControllerWebMvcTest" time="0.283" tests="7" errors="0" skipped="0" failures="0" flakes="0">
  <properties>
[...]
</properties>
  <testcase name="shouldReturnNotFoundWhenGettingNonexistentAllocation" classname="com.tequipy.equipment.adapter.in.rest.AllocationControllerWebMvcTest" time="0.007">
    <system-out><![CDATA[2026-04-13T18:50:54.772+02:00  INFO 6721 --- [           main] t.c.s.AnnotationConfigContextLoaderUtils : Could not detect default configuration classes for test class [com.tequipy.equipment.adapter.in.rest.AllocationControllerWebMvcTest]: AllocationControllerWebMvcTest does not declare any static, non-private, non-final, nested classes annotated with @Configuration.
2026-04-13T18:50:54.775+02:00  INFO 6721 --- [           main] .b.t.c.SpringBootTestContextBootstrapper : Found @SpringBootConfiguration com.tequipy.equipment.InfrastructureTestApplication for test class com.tequipy.equipment.adapter.in.rest.AllocationControllerWebMvcTest

  .   ____          _            __ _ _
 /\\ / ___'_ __ _ _(_)_ __  __ _ \ \ \ \
( ( )\___ | '_ | '_| | '_ \/ _` | \ \ \ \
 \\/  ___)| |_)| | | | | || (_| |  ) ) ) )
  '  |____| .__|_| |_|_| |_\__, | / / / /
 =========|_|==============|___/=/_/_/_/

 :: Spring Boot ::               (v3.5.13)

2026-04-13T18:50:54.785+02:00  INFO 6721 --- [           main] t.e.a.i.r.AllocationControllerWebMvcTest : Starting AllocationControllerWebMvcTest using Java 21.0.10 with PID 6721 (started by macbook in /Users/macbook/Desktop/equipment-management-api/infrastructure)
2026-04-13T18:50:54.786+02:00  INFO 6721 --- [           main] t.e.a.i.r.AllocationControllerWebMvcTest : No active profile set, falling back to 1 default profile: "default"
2026-04-13T18:50:54.988+02:00  INFO 6721 --- [           main] o.s.b.t.m.w.SpringBootMockServletContext : Initializing Spring TestDispatcherServlet ''
2026-04-13T18:50:54.989+02:00  INFO 6721 --- [           main] o.s.t.w.s.TestDispatcherServlet          : Initializing Servlet ''
2026-04-13T18:50:54.989+02:00  INFO 6721 --- [           main] o.s.t.w.s.TestDispatcherServlet          : Completed initialization in 0 ms
2026-04-13T18:50:54.992+02:00  INFO 6721 --- [           main] t.e.a.i.r.AllocationControllerWebMvcTest : Started AllocationControllerWebMvcTest in 0.215 seconds (process running for 9.114)
2026-04-13T18:50:54.996+02:00 ERROR 6721 --- [           main] c.t.e.a.i.r.GlobalExceptionHandler       : Allocation not found [correlationId=85be2217-9d96-4541-88e7-549aefe4556a]: Allocation request not found with id: 5529a3b3-c4b9-44ba-8c2b-85e6df21ee9e
]]></system-out>
  </testcase>
  <testcase name="shouldReturnAllocationDetailsWhenGettingById" classname="com.tequipy.equipment.adapter.in.rest.AllocationControllerWebMvcTest" time="0.008"/>
  <testcase name="shouldReturnNoContentWhenCancellingAllocation" classname="com.tequipy.equipment.adapter.in.rest.AllocationControllerWebMvcTest" time="0.002"/>
  <testcase name="shouldReturnCreatedWhenCreatingValidAllocation" classname="com.tequipy.equipment.adapter.in.rest.AllocationControllerWebMvcTest" time="0.031"/>
  <testcase name="shouldReturnNoContentWhenConfirmingAllocation" classname="com.tequipy.equipment.adapter.in.rest.AllocationControllerWebMvcTest" time="0.002"/>
  <testcase name="shouldReturnBadRequestWhenCreatingAllocationWithMissingEmployeeId" classname="com.tequipy.equipment.adapter.in.rest.AllocationControllerWebMvcTest" time="0.004">
    <system-out><![CDATA[2026-04-13T18:50:55.048+02:00 ERROR 6721 --- [           main] c.t.e.a.i.r.GlobalExceptionHandler       : Validation error [correlationId=04de431c-7896-48d9-b5f4-948835927921]: employeeId: must not be blank
]]></system-out>
  </testcase>
  <testcase name="shouldReturnConflictWhenConfirmingInvalidStateAllocation" classname="com.tequipy.equipment.adapter.in.rest.AllocationControllerWebMvcTest" time="0.003">
    <system-out><![CDATA[2026-04-13T18:50:55.053+02:00 ERROR 6721 --- [           main] c.t.e.a.i.r.GlobalExceptionHandler       : Invalid state transition [correlationId=f2b5d244-61c4-4210-a2f5-0da23accd590]: Cannot transition allocation fede4387-692b-4224-8a9a-a945c043d795 from PENDING to CONFIRMED
]]></system-out>
  </testcase>
</testsuite>