<?xml version="1.0" encoding="UTF-8"?>
<testsuite xmlns:xsi="http://www.w3.org/2001/XMLSchema-instance" xsi:noNamespaceSchemaLocation="https://maven.apache.org/surefire/maven-surefire-plugin/xsd/surefire-test-report.xsd" version="3.0.2" name="com.tequipy.equipment.domain.model.EquipmentTest" time="0.022" tests="19" errors="0" skipped="0" failures="0" flakes="0">
  <properties>
[...]
</properties>
  <testcase name="shouldThrowWhenRetiringAlreadyRetired" classname="com.tequipy.equipment.domain.model.EquipmentTest" time="0.003"/>
  <testcase name="shouldThrowWhenRetireReasonNull" classname="com.tequipy.equipment.domain.model.EquipmentTest" time="0.001"/>
  <testcase name="shouldThrowWhenReservingRetiredEquipment" classname="com.tequipy.equipment.domain.model.EquipmentTest" time="0.001"/>
  <testcase name="shouldRetireFromAnyNonRetiredState(EquipmentState)[1]" classname="com.tequipy.equipment.domain.model.EquipmentTest" time="0.0"/>
  <testcase name="shouldRetireFromAnyNonRetiredState(EquipmentState)[2]" classname="com.tequipy.equipment.domain.model.EquipmentTest" time="0.0"/>
  <testcase name="shouldRetireFromAnyNonRetiredState(EquipmentState)[3]" classname="com.tequipy.equipment.domain.model.EquipmentTest" time="0.001"/>
  <testcase name="shouldThrowWhenReservingNonAvailableEquipment(EquipmentState)[1]" classname="com.tequipy.equipment.domain.model.EquipmentTest" time="0.0"/>
  <testcase name="shouldThrowWhenReservingNonAvailableEquipment(EquipmentState)[2]" classname="com.tequipy.equipment.domain.model.EquipmentTest" time="0.0"/>
  <testcase name="shouldThrowWhenReservingNonAvailableEquipment(EquipmentState)[3]" classname="com.tequipy.equipment.domain.model.EquipmentTest" time="0.0"/>
  <testcase name="shouldThrowWhenAssigningNonReservedEquipment(EquipmentState)[1]" classname="com.tequipy.equipment.domain.model.EquipmentTest" time="0.001"/>
  <testcase name="shouldThrowWhenAssigningNonReservedEquipment(EquipmentState)[2]" classname="com.tequipy.equipment.domain.model.EquipmentTest" time="0.0"/>
  <testcase name="shouldThrowWhenAssigningNonReservedEquipment(EquipmentState)[3]" classname="com.tequipy.equipment.domain.model.EquipmentTest" time="0.0"/>
  <testcase name="shouldReserveWhenAvailable" classname="com.tequipy.equipment.domain.model.EquipmentTest" time="0.0"/>
  <testcase name="shouldThrowWhenAssigningAvailableEquipment" classname="com.tequipy.equipment.domain.model.EquipmentTest" time="0.0"/>
  <testcase name="shouldThrowWhenReleasingFromInvalidState(EquipmentState)[1]" classname="com.tequipy.equipment.domain.model.EquipmentTest" time="0.001"/>
  <testcase name="shouldThrowWhenReleasingFromInvalidState(EquipmentState)[2]" classname="com.tequipy.equipment.domain.model.EquipmentTest" time="0.0"/>
  <testcase name="shouldAssignWhenReserved" classname="com.tequipy.equipment.domain.model.EquipmentTest" time="0.0"/>
  <testcase name="shouldReleaseWhenAssigned" classname="com.tequipy.equipment.domain.model.EquipmentTest" time="0.0"/>
  <testcase name="shouldReleaseWhenReserved" classname="com.tequipy.equipment.domain.model.EquipmentTest" time="0.001"/>
</testsuite>