<?xml version="1.0" encoding="UTF-8"?>
<testsuite xmlns:xsi="http://www.w3.org/2001/XMLSchema-instance" xsi:noNamespaceSchemaLocation="https://maven.apache.org/surefire/maven-surefire-plugin/xsd/surefire-test-report.xsd" version="3.0.2" name="com.tequipy.equipment.application.port.in.RegisterEquipmentCommandTest" time="0.011" tests="6" errors="0" skipped="0" failures="0" flakes="0">
  <properties>
[...]
</properties>
  <testcase name="shouldThrowWhenRequiredFieldNull(String, EquipmentType, String, String, BigDecimal, LocalDate)[1]" classname="com.tequipy.equipment.application.port.in.RegisterEquipmentCommandTest" time="0.002"/>
  <testcase name="shouldThrowWhenRequiredFieldNull(String, EquipmentType, String, String, BigDecimal, LocalDate)[2]" classname="com.tequipy.equipment.application.port.in.RegisterEquipmentCommandTest" time="0.001"/>
  <testcase name="shouldThrowWhenRequiredFieldNull(String, EquipmentType, String, String, BigDecimal, LocalDate)[3]" classname="com.tequipy.equipment.application.port.in.RegisterEquipmentCommandTest" time="0.001"/>
  <testcase name="shouldThrowWhenRequiredFieldNull(String, EquipmentType, String, String, BigDecimal, LocalDate)[4]" classname="com.tequipy.equipment.application.port.in.RegisterEquipmentCommandTest" time="0.001"/>
  <testcase name="shouldThrowWhenRequiredFieldNull(String, EquipmentType, String, String, BigDecimal, LocalDate)[5]" classname="com.tequipy.equipment.application.port.in.RegisterEquipmentCommandTest" time="0.001"/>
  <testcase name="shouldCreateCommandWhenAllFieldsValid" classname="com.tequipy.equipment.application.port.in.RegisterEquipmentCommandTest" time="0.001"/>
</testsuite>