<?xml version="1.0" encoding="UTF-8"?>
<testsuite xmlns:xsi="http://www.w3.org/2001/XMLSchema-instance" xsi:noNamespaceSchemaLocation="https://maven.apache.org/surefire/maven-surefire-plugin/xsd/surefire-test-report.xsd" version="3.0.2" name="com.tequipy.equipment.AllocationWorkflowIntegrationTest" time="21.441" tests="10" errors="0" skipped="0" failures="0" flakes="0">
  <properties>
[...]
</properties>
  <testcase name="shouldCreateAllocationAndProcessItWithAvailableEquipment" classname="com.tequipy.equipment.AllocationWorkflowIntegrationTest" time="3.332">
    <system-out><![CDATA[
  .   ____          _            __ _ _
 /\\ / ___'_ __ _ _(_)_ __  __ _ \ \ \ \
( ( )\___ | '_ | '_| | '_ \/ _` | \ \ \ \
 \\/  ___)| |_)| | | | | || (_| |  ) ) ) )
  '  |____| .__|_| |_|_| |_\__, | / / / /
 =========|_|==============|___/=/_/_/_/

 :: Spring Boot ::               (v3.5.13)

2026-04-13 18:51:02.267 [main] INFO  com.tequipy.equipment.AllocationWorkflowIntegrationTest - Starting AllocationWorkflowIntegrationTest using Java 21.0.10 with PID 6730 (started by macbook in /Users/macbook/Desktop/equipment-management-api/bootstrap)
2026-04-13 18:51:02.271 [main] INFO  com.tequipy.equipment.AllocationWorkflowIntegrationTest - The following 1 profile is active: "test"
2026-04-13 18:51:03.405 [main] INFO  com.zaxxer.hikari.HikariDataSource - HikariPool-1 - Starting...
2026-04-13 18:51:03.488 [main] INFO  com.zaxxer.hikari.pool.HikariPool - HikariPool-1 - Added connection conn0: url=jdbc:h2:mem:equipment_test user=SA
2026-04-13 18:51:03.489 [main] INFO  com.zaxxer.hikari.HikariDataSource - HikariPool-1 - Start completed.
2026-04-13 18:51:03.499 [main] WARN  org.hibernate.dialect.Dialect - HHH000511: The 2.3.232 version for [org.hibernate.dialect.PostgreSQLDialect] is no longer supported, hence certain features may not work properly. The minimum supported version is 12.0.0. Check the community dialects project for available legacy versions.
2026-04-13 18:51:03.501 [main] WARN  org.hibernate.orm.deprecation - HHH90000025: PostgreSQLDialect does not need to be specified explicitly using 'hibernate.dialect' (remove the property setting and it will be selected by default)
2026-04-13 18:51:05.019 [main] WARN  org.springframework.boot.autoconfigure.security.servlet.UserDetailsServiceAutoConfiguration - 

Using generated security password: 1a9ad786-7e59-43e7-8168-9a1926e7f5c5

This generated password is for development use only. Your security configuration must be updated before running your application in production.

2026-04-13 18:51:05.562 [main] INFO  com.tequipy.equipment.AllocationWorkflowIntegrationTest - Started AllocationWorkflowIntegrationTest in 3.495 seconds (process running for 9.111)
2026-04-13 18:51:05.611 [main] WARN  org.springdoc.core.events.SpringDocAppInitializer - SpringDoc /v3/api-docs endpoint is enabled by default. To disable it in production, set the property 'springdoc.api-docs.enabled=false'
2026-04-13 18:51:05.611 [main] WARN  org.springdoc.core.events.SpringDocAppInitializer - SpringDoc /swagger-ui.html endpoint is enabled by default. To disable it in production, set the property 'springdoc.swagger-ui.enabled=false'
2026-04-13 18:51:05.796 [main] INFO  com.tequipy.equipment.application.service.EquipmentService - Registered equipment with id 288f54f9-8b1d-42bf-b0b2-e8a364167887
2026-04-13 18:51:05.856 [main] INFO  com.tequipy.equipment.application.service.AllocationService - Created allocation request 0c3963ea-ddc9-4d3d-a97f-8e4b904be3e7 for employee EMP-PROCESS-001
]]></system-out>
  </testcase>
  <testcase name="shouldReturnNotFoundWhenGettingNonexistentAllocation" classname="com.tequipy.equipment.AllocationWorkflowIntegrationTest" time="0.026">
    <system-out><![CDATA[2026-04-13 18:51:08.958 [main] ERROR com.tequipy.equipment.adapter.in.rest.GlobalExceptionHandler - Allocation not found [correlationId=ea1a62f9-2851-4d42-b312-48efb515b9ca]: Allocation request not found with id: 00000000-0000-0000-0000-000000000002
]]></system-out>
  </testcase>
  <testcase name="shouldCreateMultipleIndependentAllocationsForDifferentEmployees" classname="com.tequipy.equipment.AllocationWorkflowIntegrationTest" time="0.025">
    <system-out><![CDATA[2026-04-13 18:51:08.984 [main] INFO  com.tequipy.equipment.application.service.EquipmentService - Registered equipment with id e90db2ea-8da2-44b1-984b-9870741d8671
2026-04-13 18:51:08.988 [main] INFO  com.tequipy.equipment.application.service.EquipmentService - Registered equipment with id 2e961c4a-5552-47f9-bbb1-6e48196130b0
2026-04-13 18:51:08.993 [main] INFO  com.tequipy.equipment.application.service.AllocationService - Created allocation request 788ceefc-b325-4578-b18b-04dd663a23fc for employee EMP-INDEPENDENT-001
2026-04-13 18:51:08.996 [main] INFO  com.tequipy.equipment.application.service.AllocationService - Created allocation request 1ec30ed9-d978-439a-9483-dd3a4856f24f for employee EMP-INDEPENDENT-002
]]></system-out>
  </testcase>
  <testcase name="shouldReturnAllocationDetailsWithPolicyItems" classname="com.tequipy.equipment.AllocationWorkflowIntegrationTest" time="0.017">
    <system-out><![CDATA[2026-04-13 18:51:09.010 [main] INFO  com.tequipy.equipment.application.service.AllocationService - Created allocation request 42d97f12-3288-439b-99a3-4c84eb62aa86 for employee EMP-DETAILS-001
]]></system-out>
  </testcase>
  <testcase name="shouldConfirmAllocatedAllocationAndAssignEquipment" classname="com.tequipy.equipment.AllocationWorkflowIntegrationTest" time="3.027">
    <system-out><![CDATA[2026-04-13 18:51:09.027 [main] INFO  com.tequipy.equipment.application.service.EquipmentService - Registered equipment with id 1d1aa004-fa9b-4079-8e7b-8419b6464b41
2026-04-13 18:51:09.031 [main] INFO  com.tequipy.equipment.application.service.AllocationService - Created allocation request 38d53fa1-852a-4e45-a8bf-09906d3ea568 for employee EMP-CONFIRM-001
]]></system-out>
  </testcase>
  <testcase name="shouldCancelPendingAllocationSuccessfully" classname="com.tequipy.equipment.AllocationWorkflowIntegrationTest" time="0.026">
    <system-out><![CDATA[2026-04-13 18:51:12.056 [main] INFO  com.tequipy.equipment.application.service.AllocationService - Created allocation request 6bec49fb-d77a-4acc-871a-504706c9c691 for employee EMP-CANCEL-001
2026-04-13 18:51:12.069 [main] INFO  com.tequipy.equipment.application.service.AllocationService - Cancelled allocation request 6bec49fb-d77a-4acc-871a-504706c9c691
]]></system-out>
  </testcase>
  <testcase name="shouldCancelAllocatedAllocationAndReleaseEquipment" classname="com.tequipy.equipment.AllocationWorkflowIntegrationTest" time="3.029">
    <system-out><![CDATA[2026-04-13 18:51:12.081 [main] INFO  com.tequipy.equipment.application.service.EquipmentService - Registered equipment with id 8c24c8fb-eb3f-4b08-9038-98b61c0bde26
2026-04-13 18:51:12.086 [main] INFO  com.tequipy.equipment.application.service.AllocationService - Created allocation request 8fee9756-3cb9-4641-aa74-7f841180f383 for employee EMP-CANCEL-002
]]></system-out>
  </testcase>
  <testcase name="shouldReturnConflictWhenConfirmingPendingAllocation" classname="com.tequipy.equipment.AllocationWorkflowIntegrationTest" time="0.014">
    <system-out><![CDATA[2026-04-13 18:51:15.113 [main] INFO  com.tequipy.equipment.application.service.AllocationService - Created allocation request 24b87e19-6f23-4f7e-9038-6103f79e20a7 for employee EMP-CONFLICT-001
2026-04-13 18:51:15.117 [main] ERROR com.tequipy.equipment.adapter.in.rest.GlobalExceptionHandler - Invalid state transition [correlationId=7d0744a2-ffc0-487b-ae91-b95a700acc38]: Cannot transition allocation 24b87e19-6f23-4f7e-9038-6103f79e20a7 from PENDING to CONFIRMED
]]></system-out>
  </testcase>
  <testcase name="shouldHandleAllocationWithMultiplePolicyItemTypes" classname="com.tequipy.equipment.AllocationWorkflowIntegrationTest" time="3.04">
    <system-out><![CDATA[2026-04-13 18:51:15.126 [main] INFO  com.tequipy.equipment.application.service.EquipmentService - Registered equipment with id 0430e678-c848-4dac-b96a-5114153cd3c9
2026-04-13 18:51:15.130 [main] INFO  com.tequipy.equipment.application.service.EquipmentService - Registered equipment with id 4e41f21d-c33e-4489-9504-4132d5460d61
2026-04-13 18:51:15.133 [main] INFO  com.tequipy.equipment.application.service.EquipmentService - Registered equipment with id 6e1744ee-9ada-427b-b6c4-9d50f6ffa937
2026-04-13 18:51:15.139 [main] INFO  com.tequipy.equipment.application.service.AllocationService - Created allocation request f933870f-0306-4020-8f46-1f46b5186784 for employee EMP-MULTI-001
]]></system-out>
  </testcase>
  <testcase name="shouldReturnConflictWhenCancellingAlreadyCancelledAllocation" classname="com.tequipy.equipment.AllocationWorkflowIntegrationTest" time="0.023">
    <system-out><![CDATA[2026-04-13 18:51:18.173 [main] INFO  com.tequipy.equipment.application.service.AllocationService - Created allocation request f150c834-3b18-4fd9-afbb-53a3ae2e0c1a for employee EMP-DOUBLE-CANCEL
2026-04-13 18:51:18.180 [main] INFO  com.tequipy.equipment.application.service.AllocationService - Cancelled allocation request f150c834-3b18-4fd9-afbb-53a3ae2e0c1a
2026-04-13 18:51:18.183 [main] ERROR com.tequipy.equipment.adapter.in.rest.GlobalExceptionHandler - Invalid state transition [correlationId=3836dbdb-50c9-4282-94d4-bd91b9d24300]: Cannot transition allocation f150c834-3b18-4fd9-afbb-53a3ae2e0c1a from CANCELLED to CANCELLED
]]></system-out>
  </testcase>
</testsuite>