<?xml version="1.0" encoding="UTF-8"?>
<testsuite xmlns:xsi="http://www.w3.org/2001/XMLSchema-instance" xsi:noNamespaceSchemaLocation="https://maven.apache.org/surefire/maven-surefire-plugin/xsd/surefire-test-report.xsd" version="3.0.2" name="com.tequipy.equipment.ErrorHandlingIntegrationTest" time="0.105" tests="14" errors="0" skipped="0" failures="0" flakes="0">
  <properties>
[...]
</properties>
  <testcase name="shouldReturnBadRequestWhenSendingInvalidJsonBody" classname="com.tequipy.equipment.ErrorHandlingIntegrationTest" time="0.004">
    <system-out><![CDATA[2026-04-13 18:51:20.466 [main] ERROR com.tequipy.equipment.adapter.in.rest.GlobalExceptionHandler - Malformed request body [correlationId=cff4cdd5-5fd3-42ea-aa50-2c2e5ea37e8c]: JSON parse error: Unexpected character ('i' (code 105)): was expecting double-quote to start field name
]]></system-out>
  </testcase>
  <testcase name="shouldReturnBadRequestWhenRegisteringEquipmentWithBlankBrand" classname="com.tequipy.equipment.ErrorHandlingIntegrationTest" time="0.011">
    <system-out><![CDATA[2026-04-13 18:51:20.477 [main] ERROR com.tequipy.equipment.adapter.in.rest.GlobalExceptionHandler - Validation error [correlationId=0e908856-1783-4e58-a749-9871f693e88b]: brand: must not be blank
]]></system-out>
  </testcase>
  <testcase name="shouldReturnBadRequestForInvalidEquipmentRegistration(String, Map)[1]" classname="com.tequipy.equipment.ErrorHandlingIntegrationTest" time="0.008">
    <system-out><![CDATA[2026-04-13 18:51:20.496 [main] ERROR com.tequipy.equipment.adapter.in.rest.GlobalExceptionHandler - Validation error [correlationId=8534884a-aaea-4d73-8911-b883daef87de]: brand: must not be blank
]]></system-out>
  </testcase>
  <testcase name="shouldReturnBadRequestForInvalidEquipmentRegistration(String, Map)[2]" classname="com.tequipy.equipment.ErrorHandlingIntegrationTest" time="0.018">
    <system-out><![CDATA[2026-04-13 18:51:20.515 [main] ERROR com.tequipy.equipment.adapter.in.rest.GlobalExceptionHandler - Validation error [correlationId=6f4f57ef-6b61-48af-b2a8-03e1dc3d3d8b]: conditionScore: must be greater than or equal to 0.0
]]></system-out>
  </testcase>
  <testcase name="shouldReturnBadRequestWhenRegisteringEquipmentWithNullType" classname="com.tequipy.equipment.ErrorHandlingIntegrationTest" time="0.005">
    <system-out><![CDATA[2026-04-13 18:51:20.520 [main] ERROR com.tequipy.equipment.adapter.in.rest.GlobalExceptionHandler - Validation error [correlationId=5f9eaeae-952e-4b73-8a36-a6ea4dcba12a]: type: must not be null
]]></system-out>
  </testcase>
  <testcase name="shouldReturnBadRequestWhenCreatingAllocationWithEmptyPolicyItems" classname="com.tequipy.equipment.ErrorHandlingIntegrationTest" time="0.004">
    <system-out><![CDATA[2026-04-13 18:51:20.525 [main] ERROR com.tequipy.equipment.adapter.in.rest.GlobalExceptionHandler - Validation error [correlationId=497f418b-4a55-4131-9365-a7e4f919a139]: policyItems: must not be empty
]]></system-out>
  </testcase>
  <testcase name="shouldReturnNotFoundWhenCancellingNonexistentAllocation" classname="com.tequipy.equipment.ErrorHandlingIntegrationTest" time="0.004">
    <system-out><![CDATA[2026-04-13 18:51:20.529 [main] ERROR com.tequipy.equipment.adapter.in.rest.GlobalExceptionHandler - Allocation not found [correlationId=51c38019-17a5-4cac-a27b-5c178bbee456]: Allocation request not found with id: 00000000-0000-0000-0000-000000000004
]]></system-out>
  </testcase>
  <testcase name="shouldReturnStandardizedErrorFormatWithAllRequiredFields" classname="com.tequipy.equipment.ErrorHandlingIntegrationTest" time="0.004">
    <system-out><![CDATA[2026-04-13 18:51:20.534 [main] ERROR com.tequipy.equipment.adapter.in.rest.GlobalExceptionHandler - Allocation not found [correlationId=4314af77-4228-4e8b-a44b-7fccde6d9b0f]: Allocation request not found with id: 00000000-0000-0000-0000-000000000005
]]></system-out>
  </testcase>
  <testcase name="shouldReturnBadRequestWhenCreatingAllocationWithEmptyEmployeeId" classname="com.tequipy.equipment.ErrorHandlingIntegrationTest" time="0.004">
    <system-out><![CDATA[2026-04-13 18:51:20.538 [main] ERROR com.tequipy.equipment.adapter.in.rest.GlobalExceptionHandler - Validation error [correlationId=d99d3101-69d0-4216-91f8-64b1aeb93903]: employeeId: must not be blank
]]></system-out>
  </testcase>
  <testcase name="shouldReturnBadRequestWhenRetiringEquipmentWithBlankReason" classname="com.tequipy.equipment.ErrorHandlingIntegrationTest" time="0.007">
    <system-out><![CDATA[2026-04-13 18:51:20.544 [main] INFO  com.tequipy.equipment.application.service.EquipmentService - Registered equipment with id d9fe63ff-b208-4b02-9e00-e437a593ac4a
2026-04-13 18:51:20.546 [main] ERROR com.tequipy.equipment.adapter.in.rest.GlobalExceptionHandler - Validation error [correlationId=321d1518-c506-41a2-90e6-f85adfe86594]: reason: must not be blank
]]></system-out>
  </testcase>
  <testcase name="shouldReturnBadRequestWhenFilteringByInvalidState" classname="com.tequipy.equipment.ErrorHandlingIntegrationTest" time="0.003">
    <system-out><![CDATA[2026-04-13 18:51:20.550 [main] ERROR com.tequipy.equipment.adapter.in.rest.GlobalExceptionHandler - Bad request [correlationId=b1c08a22-a60e-47d3-aa05-1b265b800561]: No enum constant com.tequipy.equipment.domain.model.EquipmentState.NONEXISTENT_STATE
]]></system-out>
  </testcase>
  <testcase name="shouldReturnBadRequestWhenRegisteringEquipmentWithInvalidType" classname="com.tequipy.equipment.ErrorHandlingIntegrationTest" time="0.003">
    <system-out><![CDATA[2026-04-13 18:51:20.554 [main] ERROR com.tequipy.equipment.adapter.in.rest.GlobalExceptionHandler - Bad request [correlationId=7f7fa6b8-7dc7-4b8d-9571-598e3ed2def1]: No enum constant com.tequipy.equipment.domain.model.EquipmentType.INVALID_TYPE
]]></system-out>
  </testcase>
  <testcase name="shouldReturnNotFoundWhenConfirmingNonexistentAllocation" classname="com.tequipy.equipment.ErrorHandlingIntegrationTest" time="0.004">
    <system-out><![CDATA[2026-04-13 18:51:20.558 [main] ERROR com.tequipy.equipment.adapter.in.rest.GlobalExceptionHandler - Allocation not found [correlationId=96bb3dd1-8225-4c59-838d-1853b84a177b]: Allocation request not found with id: 00000000-0000-0000-0000-000000000003
]]></system-out>
  </testcase>
  <testcase name="shouldReturnBadRequestWhenRegisteringEquipmentWithInvalidConditionScore" classname="com.tequipy.equipment.ErrorHandlingIntegrationTest" time="0.004">
    <system-out><![CDATA[2026-04-13 18:51:20.563 [main] ERROR com.tequipy.equipment.adapter.in.rest.GlobalExceptionHandler - Validation error [correlationId=f91548e1-85de-4b31-bceb-45aab2959a3c]: conditionScore: must be less than or equal to 1.0
]]></system-out>
  </testcase>
</testsuite>